<?xml version="1.0" encoding="UTF-8"?>
<testsuite xmlns:xsi="http://www.w3.org/2001/XMLSchema-instance" xsi:noNamespaceSchemaLocation="https://maven.apache.org/surefire/maven-surefire-plugin/xsd/surefire-test-report.xsd" version="3.0.2" name="com.spring_cloud_server.banking_config.BankingConfigApplicationTests" time="4.307" tests="1" errors="0" skipped="0" failures="0">
  <properties>
[...]
</properties>
  <testcase name="contextLoads" classname="com.spring_cloud_server.banking_config.BankingConfigApplicationTests" time="0.608">
    <system-out><![CDATA[18:36:09.640 [main] INFO org.springframework.test.context.support.AnnotationConfigContextLoaderUtils -- Could not detect default configuration classes for test class [com.spring_cloud_server.banking_config.BankingConfigApplicationTests]: BankingConfigApplicationTests does not declare any static, non-private, non-final, nested classes annotated with @Configuration.
18:36:09.777 [main] INFO org.springframework.boot.test.context.SpringBootTestContextBootstrapper -- Found @SpringBootConfiguration com.spring_cloud_server.banking_config.BankingConfigApplication for test class com.spring_cloud_server.banking_config.BankingConfigApplicationTests

  .   ____          _            __ _ _
 /\\ / ___'_ __ _ _(_)_ __  __ _ \ \ \ \
( ( )\___ | '_ | '_| | '_ \/ _` | \ \ \ \
 \\/  ___)| |_)| | | | | || (_| |  ) ) ) )
  '  |____| .__|_| |_|_| |_\__, | / / / /
 =========|_|==============|___/=/_/_/_/

 :: Spring Boot ::                (v4.0.2)

2026-02-05T18:36:10.644+02:00  INFO 3876 --- [config-server] [           main] c.s.b.BankingConfigApplicationTests      : Starting BankingConfigApplicationTests using Java 25.0.1 with PID 3876 (started by user in C:\Users\user\Desktop\microservices\eazy\banking-config)
2026-02-05T18:36:10.646+02:00  INFO 3876 --- [config-server] [           main] c.s.b.BankingConfigApplicationTests      : The following 1 profile is active: "native"
2026-02-05T18:36:11.865+02:00  INFO 3876 --- [config-server] [           main] o.s.cloud.context.scope.GenericScope     : BeanFactory id=089fe073-9f94-3aac-8515-f72c39c0e3f4
2026-02-05T18:36:13.004+02:00  INFO 3876 --- [config-server] [           main] o.s.b.a.e.web.EndpointLinksResolver      : Exposing 1 endpoint beneath base path '/actuator'
2026-02-05T18:36:13.065+02:00  INFO 3876 --- [config-server] [           main] c.s.b.BankingConfigApplicationTests      : Started BankingConfigApplicationTests in 2.892 seconds (process running for 4.59)
]]></system-out>
    <system-err><![CDATA[Mockito is currently self-attaching to enable the inline-mock-maker. This will no longer work in future releases of the JDK. Please add Mockito as an agent to your build as described in Mockito's documentation: https://javadoc.io/doc/org.mockito/mockito-core/latest/org.mockito/org/mockito/Mockito.html#0.3
WARNING: A Java agent has been loaded dynamically (C:\Users\user\.m2\repository\net\bytebuddy\byte-buddy-agent\1.17.8\byte-buddy-agent-1.17.8.jar)
WARNING: If a serviceability tool is in use, please run with -XX:+EnableDynamicAgentLoading to hide this warning
WARNING: If a serviceability tool is not in use, please run with -Djdk.instrument.traceUsage for more information
WARNING: Dynamic loading of agents will be disallowed by default in a future release
]]></system-err>
  </testcase>
</testsuite>